Removed Member From Class: ClassName=BiG1 Member=GD?
Change Footprint: Footprint Not Found SOT95P285X140-6N
Added Component: Designator=GD1(SOIC127P600X175-16N)
Add component (AddParameter): Name = "Arrow Part Number"; Value = "SI8275GBD-IS1"; VariantName = "[No Variations]"
Add component (AddParameter): Name = "Arrow Price/Stock"; Value = "https://www.arrow.com/en/products/si8275gbd-is1/silicon-labs"; VariantName = "[No Variations]"
Add component (AddParameter): Name = "Datasheet Link"; Value = "https://www.silabs.com/documents/public/data-sheets/Si827x.pdf"; VariantName = "[No Variations]"
Add component (AddParameter): Name = "Height"; Value = "1.75mm"; VariantName = "[No Variations]"
Add component (AddParameter): Name = "Manufacturer_Name"; Value = "Silicon Labs"; VariantName = "[No Variations]"
Add component (AddParameter): Name = "Manufacturer_Part_Number"; Value = "Si8275GBD-IS1"; VariantName = "[No Variations]"
Add component (AddParameter): Name = "Mouser Part Number"; Value = "634-SI8275GBD-IS1"; VariantName = "[No Variations]"
Add component (AddParameter): Name = "Mouser Price/Stock"; Value = "https://www.mouser.co.uk/ProductDetail/Silicon-Labs/SI8275GBD-IS1?qs=j6MGy4L9yX2SPc9HOZMvjA%3D%3D"; VariantName = "[No Variations]"
Added Pin To Net: NetName=NetC87_2 Pin=GD1-1
Added Pin To Net: NetName=NetC89_2 Pin=GD1-2
Added Pin To Net: NetName=AVDD5V Pin=GD1-3
Added Pin To Net: NetName=S2 Pin=GD1-4
Added Pin To Net: NetName=EN Pin=GD1-5
Added Pin To Net: NetName=AVDD5V Pin=GD1-8
Added Pin To Net: NetName=SK2 Pin=GD1-9
Added Pin To Net: NetName=NetD12_1 Pin=GD1-10
Added Pin To Net: NetName=VCC2 Pin=GD1-11
Added Pin To Net: NetName=SK1 Pin=GD1-14
Added Pin To Net: NetName=NetD11_1 Pin=GD1-15
Added Pin To Net: NetName=VCC1 Pin=GD1-16
Add Pin To Net: Unknown Pin: Pin TP29-1
Added Member To Class: ClassName=BiG1 Member=Component GD1 Si8275GBD-IS1
